        -:    0:Source:dominion.c
        -:    0:Graph:dominion.gcno
        -:    0:Data:dominion.gcda
        -:    0:Runs:1
        -:    0:Programs:1
        -:    1:#include "dominion.h"
        -:    2:#include "dominion_helpers.h"
        -:    3:#include "rngs.h"
        -:    4:#include <stdio.h>
        -:    5:#include <math.h>
        -:    6:#include <stdlib.h>
        -:    7:
   899580:    8:int compare(const void* a, const void* b) {
   899580:    9:  if (*(int*)a > *(int*)b)
    #####:   10:    return 1;
   899580:   11:  if (*(int*)a < *(int*)b)
   239888:   12:    return -1;
   659692:   13:  return 0;
        -:   14:}
        -:   15:
    #####:   16:struct gameState* newGame() {
    #####:   17:  struct gameState* g = malloc(sizeof(struct gameState));
    #####:   18:  return g;
        -:   19:}
        -:   20:
    #####:   21:int* kingdomCards(int k1, int k2, int k3, int k4, int k5, int k6, int k7,
        -:   22:		  int k8, int k9, int k10) {
    #####:   23:  int* k = malloc(10 * sizeof(int));
    #####:   24:  k[0] = k1;
    #####:   25:  k[1] = k2;
    #####:   26:  k[2] = k3;
    #####:   27:  k[3] = k4;
    #####:   28:  k[4] = k5;
    #####:   29:  k[5] = k6;
    #####:   30:  k[6] = k7;
    #####:   31:  k[7] = k8;
    #####:   32:  k[8] = k9;
    #####:   33:  k[9] = k10;
    #####:   34:  return k;
        -:   35:}
        -:   36:
    20000:   37:int initializeGame(int numPlayers, int kingdomCards[10], int randomSeed,
        -:   38:		   struct gameState *state) {
        -:   39:
        -:   40:  int i;
        -:   41:  int j;
        -:   42:  int it;			
        -:   43:  //set up random number generator
    20000:   44:  SelectStream(1);
    20000:   45:  PutSeed((long)randomSeed);
        -:   46:  
        -:   47:  //check number of players
    20000:   48:  if (numPlayers > MAX_PLAYERS || numPlayers < 2)
        -:   49:    {
    #####:   50:      return -1;
        -:   51:    }
        -:   52:
        -:   53:  //set number of players
    20000:   54:  state->numPlayers = numPlayers;
        -:   55:
        -:   56:  //check selected kingdom cards are different
   220000:   57:  for (i = 0; i < 10; i++)
        -:   58:    {
  2200000:   59:      for (j = 0; j < 10; j++)
        -:   60:        {
  2000000:   61:	  if (j != i && kingdomCards[j] == kingdomCards[i])
        -:   62:	    {
    #####:   63:	      return -1;
        -:   64:	    }
        -:   65:        }
        -:   66:    }
        -:   67:
        -:   68:
        -:   69:  //initialize supply
        -:   70:  ///////////////////////////////
        -:   71:
        -:   72:  //set number of Curse cards
    20000:   73:  if (numPlayers == 2)
        -:   74:    {
     6726:   75:      state->supplyCount[curse] = 10;
        -:   76:    }
    13274:   77:  else if (numPlayers == 3)
        -:   78:    {
     6576:   79:      state->supplyCount[curse] = 20;
        -:   80:    }
        -:   81:  else
        -:   82:    {
     6698:   83:      state->supplyCount[curse] = 30;
        -:   84:    }
        -:   85:
        -:   86:  //set number of Victory cards
    20000:   87:  if (numPlayers == 2)
        -:   88:    {
     6726:   89:      state->supplyCount[estate] = 8;
     6726:   90:      state->supplyCount[duchy] = 8;
     6726:   91:      state->supplyCount[province] = 8;
        -:   92:    }
        -:   93:  else
        -:   94:    {
    13274:   95:      state->supplyCount[estate] = 12;
    13274:   96:      state->supplyCount[duchy] = 12;
    13274:   97:      state->supplyCount[province] = 12;
        -:   98:    }
        -:   99:
        -:  100:  //set number of Treasure cards
    20000:  101:  state->supplyCount[copper] = 60 - (7 * numPlayers);
    20000:  102:  state->supplyCount[silver] = 40;
    20000:  103:  state->supplyCount[gold] = 30;
        -:  104:
        -:  105:  //set number of Kingdom cards
   420000:  106:  for (i = adventurer; i <= treasure_map; i++)       	//loop all cards
        -:  107:    {
  3800000:  108:      for (j = 0; j < 10; j++)           		//loop chosen cards
        -:  109:	{
  3540000:  110:	  if (kingdomCards[j] == i)
        -:  111:	    {
        -:  112:	      //check if card is a 'Victory' Kingdom card
   140000:  113:	      if (kingdomCards[j] == great_hall || kingdomCards[j] == gardens)
        -:  114:		{
    80000:  115:		  if (numPlayers == 2){ 
    13452:  116:		    state->supplyCount[i] = 8; 
        -:  117:		  }
    26548:  118:		  else{ state->supplyCount[i] = 12; }
        -:  119:		}
        -:  120:	      else
        -:  121:		{
   100000:  122:		  state->supplyCount[i] = 10;
        -:  123:		}
   140000:  124:	      break;
        -:  125:	    }
        -:  126:	  else    //card is not in the set choosen for the game
        -:  127:	    {
  3400000:  128:	      state->supplyCount[i] = -1;
        -:  129:	    }
        -:  130:	}
        -:  131:
        -:  132:    }
        -:  133:
        -:  134:  ////////////////////////
        -:  135:  //supply intilization complete
        -:  136:
        -:  137:  //set player decks
    79972:  138:  for (i = 0; i < numPlayers; i++)
        -:  139:    {
    59972:  140:      state->deckCount[i] = 0;
   239888:  141:      for (j = 0; j < 3; j++)
        -:  142:	{
   179916:  143:	  state->deck[i][j] = estate;
   179916:  144:	  state->deckCount[i]++;
        -:  145:	}
   479776:  146:      for (j = 3; j < 10; j++)
        -:  147:	{
   419804:  148:	  state->deck[i][j] = copper;
   419804:  149:	  state->deckCount[i]++;		
        -:  150:	}
        -:  151:    }
        -:  152:
        -:  153:  //shuffle player decks
    79972:  154:  for (i = 0; i < numPlayers; i++)
        -:  155:    {
    59972:  156:      if ( shuffle(i, state) < 0 )
        -:  157:	{
    #####:  158:	  return -1;
        -:  159:	}
        -:  160:    }
        -:  161:
        -:  162:  //draw player hands
    79972:  163:  for (i = 0; i < numPlayers; i++)
        -:  164:    {  
        -:  165:      //initialize hand size to zero
    59972:  166:      state->handCount[i] = 0;
    59972:  167:      state->discardCount[i] = 0;
        -:  168:      //draw 5 cards
        -:  169:      // for (j = 0; j < 5; j++)
        -:  170:      //	{
        -:  171:      //	  drawCard(i, state);
        -:  172:      //	}
        -:  173:    }
        -:  174:  
        -:  175:  //set embargo tokens to 0 for all supply piles
   560000:  176:  for (i = 0; i <= treasure_map; i++)
        -:  177:    {
   540000:  178:      state->embargoTokens[i] = 0;
        -:  179:    }
        -:  180:
        -:  181:  //initialize first player's turn
    20000:  182:  state->outpostPlayed = 0;
    20000:  183:  state->phase = 0;
    20000:  184:  state->numActions = 1;
    20000:  185:  state->numBuys = 1;
    20000:  186:  state->playedCardCount = 0;
    20000:  187:  state->whoseTurn = 0;
    20000:  188:  state->handCount[state->whoseTurn] = 0;
        -:  189:  //int it; move to top
        -:  190:
        -:  191:  //Moved draw cards to here, only drawing at the start of a turn
   120000:  192:  for (it = 0; it < 5; it++){
   100000:  193:    drawCard(state->whoseTurn, state);
        -:  194:  }
        -:  195:
    20000:  196:  updateCoins(state->whoseTurn, state, 0);
        -:  197:
    20000:  198:  return 0;
        -:  199:}
        -:  200:
    59972:  201:int shuffle(int player, struct gameState *state) {
        -:  202: 
        -:  203:
        -:  204:  int newDeck[MAX_DECK];
    59972:  205:  int newDeckPos = 0;
        -:  206:  int card;
        -:  207:  int i;
        -:  208:
    59972:  209:  if (state->deckCount[player] < 1)
    #####:  210:    return -1;
    59972:  211:  qsort ((void*)(state->deck[player]), state->deckCount[player], sizeof(int), compare); 
        -:  212:  /* SORT CARDS IN DECK TO ENSURE DETERMINISM! */
        -:  213:
   719664:  214:  while (state->deckCount[player] > 0) {
   599720:  215:    card = floor(Random() * state->deckCount[player]);
   599720:  216:    newDeck[newDeckPos] = state->deck[player][card];
   599720:  217:    newDeckPos++;
  2092322:  218:    for (i = card; i < state->deckCount[player]-1; i++) {
  1492602:  219:      state->deck[player][i] = state->deck[player][i+1];
        -:  220:    }
   599720:  221:    state->deckCount[player]--;
        -:  222:  }
   659692:  223:  for (i = 0; i < newDeckPos; i++) {
   599720:  224:    state->deck[player][i] = newDeck[i];
   599720:  225:    state->deckCount[player]++;
        -:  226:  }
        -:  227:
    59972:  228:  return 0;
        -:  229:}
        -:  230:
    #####:  231:int playCard(int handPos, int choice1, int choice2, int choice3, struct gameState *state) 
        -:  232:{	
        -:  233:  int card;
    #####:  234:  int coin_bonus = 0; 		//tracks coins gain from actions
        -:  235:
        -:  236:  //check if it is the right phase
    #####:  237:  if (state->phase != 0)
        -:  238:    {
    #####:  239:      return -1;
        -:  240:    }
        -:  241:	
        -:  242:  //check if player has enough actions
    #####:  243:  if ( state->numActions < 1 )
        -:  244:    {
    #####:  245:      return -1;
        -:  246:    }
        -:  247:	
        -:  248:  //get card played
    #####:  249:  card = handCard(handPos, state);
        -:  250:	
        -:  251:  //check if selected card is an action
    #####:  252:  if ( card < adventurer || card > treasure_map )
        -:  253:    {
    #####:  254:      return -1;
        -:  255:    }
        -:  256:	
        -:  257:  //play card
    #####:  258:  if ( cardEffect(card, choice1, choice2, choice3, state, handPos, &coin_bonus) < 0 )
        -:  259:    {
    #####:  260:      return -1;
        -:  261:    }
        -:  262:	
        -:  263:  //reduce number of actions
    #####:  264:  state->numActions--;
        -:  265:
        -:  266:  //update coins (Treasure cards may be added with card draws)
    #####:  267:  updateCoins(state->whoseTurn, state, coin_bonus);
        -:  268:	
    #####:  269:  return 0;
        -:  270:}
        -:  271:
    #####:  272:int buyCard(int supplyPos, struct gameState *state) {
        -:  273:  int who;
        -:  274:  if (DEBUG){
        -:  275:    printf("Entering buyCard...\n");
        -:  276:  }
        -:  277:
        -:  278:  // I don't know what to do about the phase thing.
        -:  279:
    #####:  280:  who = state->whoseTurn;
        -:  281:
    #####:  282:  if (state->numBuys < 1){
        -:  283:    if (DEBUG)
        -:  284:      printf("You do not have any buys left\n");
    #####:  285:    return -1;
    #####:  286:  } else if (supplyCount(supplyPos, state) <1){
        -:  287:    if (DEBUG)
        -:  288:      printf("There are not any of that type of card left\n");
    #####:  289:    return -1;
    #####:  290:  } else if (state->coins < getCost(supplyPos)){
        -:  291:    if (DEBUG) 
        -:  292:      printf("You do not have enough money to buy that. You have %d coins.\n", state->coins);
    #####:  293:    return -1;
        -:  294:  } else {
    #####:  295:    state->phase=1;
        -:  296:    //state->supplyCount[supplyPos]--;
    #####:  297:    gainCard(supplyPos, state, 0, who); //card goes in discard, this might be wrong.. (2 means goes into hand, 0 goes into discard)
        -:  298:  
    #####:  299:    state->coins = (state->coins) - (getCost(supplyPos));
    #####:  300:    state->numBuys--;
        -:  301:    if (DEBUG)
        -:  302:      printf("You bought card number %d for %d coins. You now have %d buys and %d coins.\n", supplyPos, getCost(supplyPos), state->numBuys, state->coins);
        -:  303:  }
        -:  304:
        -:  305:  //state->discard[who][state->discardCount[who]] = supplyPos;
        -:  306:  //state->discardCount[who]++;
        -:  307:    
    #####:  308:  return 0;
        -:  309:}
        -:  310:
    #####:  311:int numHandCards(struct gameState *state) {
    #####:  312:  return state->handCount[ whoseTurn(state) ];
        -:  313:}
        -:  314:
    #####:  315:int handCard(int handPos, struct gameState *state) {
    #####:  316:  int currentPlayer = whoseTurn(state);
    #####:  317:  return state->hand[currentPlayer][handPos];
        -:  318:}
        -:  319:
        3:  320:int supplyCount(int card, struct gameState *state) {
        3:  321:  return state->supplyCount[card];
        -:  322:}
        -:  323:
    #####:  324:int fullDeckCount(int player, int card, struct gameState *state) {
        -:  325:  int i;
    #####:  326:  int count = 0;
        -:  327:
    #####:  328:  for (i = 0; i < state->deckCount[player]; i++)
        -:  329:    {
    #####:  330:      if (state->deck[player][i] == card) count++;
        -:  331:    }
        -:  332:
    #####:  333:  for (i = 0; i < state->handCount[player]; i++)
        -:  334:    {
    #####:  335:      if (state->hand[player][i] == card) count++;
        -:  336:    }
        -:  337:
    #####:  338:  for (i = 0; i < state->discardCount[player]; i++)
        -:  339:    {
    #####:  340:      if (state->discard[player][i] == card) count++;
        -:  341:    }
        -:  342:
    #####:  343:  return count;
        -:  344:}
        -:  345:
        1:  346:int whoseTurn(struct gameState *state) {
        1:  347:  return state->whoseTurn;
        -:  348:}
        -:  349:
    #####:  350:int endTurn(struct gameState *state) {
        -:  351:  int k;
        -:  352:  int i;
    #####:  353:  int currentPlayer = whoseTurn(state);
        -:  354:  
        -:  355:  //Discard hand
    #####:  356:  for (i = 0; i < state->handCount[currentPlayer]; i++){
    #####:  357:    state->discard[currentPlayer][state->discardCount[currentPlayer]++] = state->hand[currentPlayer][i];//Discard
    #####:  358:    state->hand[currentPlayer][i] = -1;//Set card to -1
        -:  359:  }
    #####:  360:  state->handCount[currentPlayer] = 0;//Reset hand count
        -:  361:    
        -:  362:  //Code for determining the player
    #####:  363:  if (currentPlayer < (state->numPlayers - 1)){ 
    #####:  364:    state->whoseTurn = currentPlayer + 1;//Still safe to increment
        -:  365:  }
        -:  366:  else{
    #####:  367:    state->whoseTurn = 0;//Max player has been reached, loop back around to player 1
        -:  368:  }
        -:  369:
    #####:  370:  state->outpostPlayed = 0;
    #####:  371:  state->phase = 0;
    #####:  372:  state->numActions = 1;
    #####:  373:  state->coins = 0;
    #####:  374:  state->numBuys = 1;
    #####:  375:  state->playedCardCount = 0;
    #####:  376:  state->handCount[state->whoseTurn] = 0;
        -:  377:
        -:  378:  //int k; move to top
        -:  379:  //Next player draws hand
    #####:  380:  for (k = 0; k < 5; k++){
    #####:  381:    drawCard(state->whoseTurn, state);//Draw a card
        -:  382:  }
        -:  383:
        -:  384:  //Update money
    #####:  385:  updateCoins(state->whoseTurn, state , 0);
        -:  386:
    #####:  387:  return 0;
        -:  388:}
        -:  389:
    #####:  390:int isGameOver(struct gameState *state) {
        -:  391:  int i;
        -:  392:  int j;
        -:  393:	
        -:  394:  //if stack of Province cards is empty, the game ends
    #####:  395:  if (state->supplyCount[province] == 0)
        -:  396:    {
    #####:  397:      return 1;
        -:  398:    }
        -:  399:
        -:  400:  //if three supply pile are at 0, the game ends
    #####:  401:  j = 0;
    #####:  402:  for (i = 0; i < 25; i++)
        -:  403:    {
    #####:  404:      if (state->supplyCount[i] == 0)
        -:  405:	{
    #####:  406:	  j++;
        -:  407:	}
        -:  408:    }
    #####:  409:  if ( j >= 3)
        -:  410:    {
    #####:  411:      return 1;
        -:  412:    }
        -:  413:
    #####:  414:  return 0;
        -:  415:}
        -:  416:
    #####:  417:int scoreFor (int player, struct gameState *state) {
        -:  418:
        -:  419:  int i;
    #####:  420:  int score = 0;
        -:  421:  //score from hand
    #####:  422:  for (i = 0; i < state->handCount[player]; i++)
        -:  423:    {
    #####:  424:      if (state->hand[player][i] == curse) { score = score - 1; };
    #####:  425:      if (state->hand[player][i] == estate) { score = score + 1; };
    #####:  426:      if (state->hand[player][i] == duchy) { score = score + 3; };
    #####:  427:      if (state->hand[player][i] == province) { score = score + 6; };
    #####:  428:      if (state->hand[player][i] == great_hall) { score = score + 1; };
    #####:  429:      if (state->hand[player][i] == gardens) { score = score + ( fullDeckCount(player, 0, state) / 10 ); };
        -:  430:    }
        -:  431:
        -:  432:  //score from discard
    #####:  433:  for (i = 0; i < state->discardCount[player]; i++)
        -:  434:    {
    #####:  435:      if (state->discard[player][i] == curse) { score = score - 1; };
    #####:  436:      if (state->discard[player][i] == estate) { score = score + 1; };
    #####:  437:      if (state->discard[player][i] == duchy) { score = score + 3; };
    #####:  438:      if (state->discard[player][i] == province) { score = score + 6; };
    #####:  439:      if (state->discard[player][i] == great_hall) { score = score + 1; };
    #####:  440:      if (state->discard[player][i] == gardens) { score = score + ( fullDeckCount(player, 0, state) / 10 ); };
        -:  441:    }
        -:  442:
        -:  443:  //score from deck
    #####:  444:  for (i = 0; i < state->discardCount[player]; i++)
        -:  445:    {
    #####:  446:      if (state->deck[player][i] == curse) { score = score - 1; };
    #####:  447:      if (state->deck[player][i] == estate) { score = score + 1; };
    #####:  448:      if (state->deck[player][i] == duchy) { score = score + 3; };
    #####:  449:      if (state->deck[player][i] == province) { score = score + 6; };
    #####:  450:      if (state->deck[player][i] == great_hall) { score = score + 1; };
    #####:  451:      if (state->deck[player][i] == gardens) { score = score + ( fullDeckCount(player, 0, state) / 10 ); };
        -:  452:    }
        -:  453:
    #####:  454:  return score;
        -:  455:}
        -:  456:
    #####:  457:int getWinners(int players[MAX_PLAYERS], struct gameState *state) {
        -:  458:  int i;	
        -:  459:  int j;
        -:  460:  int highScore;
        -:  461:  int currentPlayer;
        -:  462:
        -:  463:  //get score for each player
    #####:  464:  for (i = 0; i < MAX_PLAYERS; i++)
        -:  465:    {
        -:  466:      //set unused player scores to -9999
    #####:  467:      if (i >= state->numPlayers)
        -:  468:	{
    #####:  469:	  players[i] = -9999;
        -:  470:	}
        -:  471:      else
        -:  472:	{
    #####:  473:	  players[i] = scoreFor (i, state);
        -:  474:	}
        -:  475:    }
        -:  476:
        -:  477:  //find highest score
    #####:  478:  j = 0;
    #####:  479:  for (i = 0; i < MAX_PLAYERS; i++)
        -:  480:    {
    #####:  481:      if (players[i] > players[j])
        -:  482:	{
    #####:  483:	  j = i;
        -:  484:	}
        -:  485:    }
    #####:  486:  highScore = players[j];
        -:  487:
        -:  488:  //add 1 to players who had less turns
    #####:  489:  currentPlayer = whoseTurn(state);
    #####:  490:  for (i = 0; i < MAX_PLAYERS; i++)
        -:  491:    {
    #####:  492:      if ( players[i] == highScore && i > currentPlayer )
        -:  493:	{
    #####:  494:	  players[i]++;
        -:  495:	}
        -:  496:    }
        -:  497:
        -:  498:  //find new highest score
    #####:  499:  j = 0;
    #####:  500:  for (i = 0; i < MAX_PLAYERS; i++)
        -:  501:    {
    #####:  502:      if ( players[i] > players[j] )
        -:  503:	{
    #####:  504:	  j = i;
        -:  505:	}
        -:  506:    }
    #####:  507:  highScore = players[j];
        -:  508:
        -:  509:  //set winners in array to 1 and rest to 0
    #####:  510:  for (i = 0; i < MAX_PLAYERS; i++)
        -:  511:    {
    #####:  512:      if ( players[i] == highScore )
        -:  513:	{
    #####:  514:	  players[i] = 1;
        -:  515:	}
        -:  516:      else
        -:  517:	{
    #####:  518:	  players[i] = 0;
        -:  519:	}
        -:  520:    }
        -:  521:
    #####:  522:  return 0;
        -:  523:}
        -:  524:
   100005:  525:int drawCard(int player, struct gameState *state)
        -:  526:{	int count;
        -:  527:  int deckCounter;
   100005:  528:  if (state->deckCount[player] <= 0){//Deck is empty
        -:  529:    
        -:  530:    //Step 1 Shuffle the discard pile back into a deck
        -:  531:    int i;
        -:  532:    //Move discard to deck
    #####:  533:    for (i = 0; i < state->discardCount[player];i++){
    #####:  534:      state->deck[player][i] = state->discard[player][i];
    #####:  535:      state->discard[player][i] = -1;
        -:  536:    }
        -:  537:
    #####:  538:    state->deckCount[player] = state->discardCount[player];
    #####:  539:    state->discardCount[player] = 0;//Reset discard
        -:  540:
        -:  541:    //Shufffle the deck
    #####:  542:    shuffle(player, state);//Shuffle the deck up and make it so that we can draw
        -:  543:   
        -:  544:    if (DEBUG){//Debug statements
        -:  545:      printf("Deck count now: %d\n", state->deckCount[player]);
        -:  546:    }
        -:  547:    
    #####:  548:    state->discardCount[player] = 0;
        -:  549:
        -:  550:    //Step 2 Draw Card
    #####:  551:    count = state->handCount[player];//Get current player's hand count
        -:  552:    
        -:  553:    if (DEBUG){//Debug statements
        -:  554:      printf("Current hand count: %d\n", count);
        -:  555:    }
        -:  556:    
    #####:  557:    deckCounter = state->deckCount[player];//Create a holder for the deck count
        -:  558:
    #####:  559:    if (deckCounter == 0)
    #####:  560:      return -1;
        -:  561:
    #####:  562:    state->hand[player][count] = state->deck[player][deckCounter - 1];//Add card to hand
    #####:  563:    state->deckCount[player]--;
    #####:  564:    state->handCount[player]++;//Increment hand count
        -:  565:  }
        -:  566:
        -:  567:  else{
   100005:  568:    int count = state->handCount[player];//Get current hand count for player
        -:  569:    int deckCounter;
        -:  570:    if (DEBUG){//Debug statements
        -:  571:      printf("Current hand count: %d\n", count);
        -:  572:    }
        -:  573:
   100005:  574:    deckCounter = state->deckCount[player];//Create holder for the deck count
   100005:  575:    state->hand[player][count] = state->deck[player][deckCounter - 1];//Add card to the hand
   100005:  576:    state->deckCount[player]--;
   100005:  577:    state->handCount[player]++;//Increment hand count
        -:  578:  }
        -:  579:
   100005:  580:  return 0;
        -:  581:}
        -:  582:
        -:  583:
        1:  584:int smithy_func (int currentPlayer, struct gameState *state, int handPos) {
        -:  585:      //+3 Cards
        5:  586:      for (int i = 0; i < 4; i++) 
        -:  587:	{ // adjusted to 4 cards
        4:  588:	  drawCard(currentPlayer, state);
        -:  589:	}
        -:  590:			
        -:  591:      //discard card from hand
        1:  592:      discardCard(handPos, currentPlayer, state, 0);
        1:  593:      return 0;
        -:  594:}
        -:  595:
    #####:  596:int adventurer_func (int drawntreasure, struct gameState *state, int currentPlayer, int cardDrawn) {
    #####:  597:	int z = 0;
    #####:  598:	struct myStruct **temphand[1] = {malloc(sizeof(struct myStruct *))}; 
    #####:  599:	     while(drawntreasure<2){
    #####:  600:	if (state->deckCount[currentPlayer] <1){//if the deck is empty we need to shuffle discard and add to deck
    #####:  601:	  shuffle(currentPlayer, state); 
        -:  602:	}
        -:  603:	
    #####:  604:	drawCard(currentPlayer, state);
    #####:  605:	cardDrawn = state->hand[currentPlayer][state->handCount[currentPlayer]-1];//top card of hand is most recently drawn card.
    #####:  606:	if (cardDrawn == copper || cardDrawn == silver || cardDrawn == gold)
    #####:  607:	  drawntreasure++;
        -:  608:	else{
    #####:  609:	  temphand[z]=cardDrawn;
    #####:  610:	  state->handCount[currentPlayer]++; //this should just remove the top card (the most recently drawn one). Adjusted to increment instead of decrement (TK)
    #####:  611:	  z++;
        -:  612:	}
        -:  613:      }
    #####:  614:      while(z-1>=0){
    #####:  615:	state->discard[currentPlayer][state->discardCount[currentPlayer]++]= temphand[z-1]; // discard all cards in play that have been drawn
    #####:  616:	z=z-1;
        -:  617:      }
    #####:  618:      return 0;
        -:  619:}
        -:  620:
        1:  621:int village_func (int currentPlayer, struct gameState *state, int handPos) {
        -:  622:	     //+1 Card
        1:  623:      drawCard(currentPlayer, state);
        -:  624:			
        -:  625:      //+2 Actions
        1:  626:      state->numActions = state->numActions + 5;  // adjusted to add 5 actions. 
        -:  627:			
        -:  628:      //discard played card from hand
        1:  629:      discardCard(handPos, currentPlayer, state, 0);
        1:  630:      return 0;
        -:  631:}
        -:  632:
    #####:  633:int remodel_func (int currentPlayer, struct gameState *state, int choice1, int choice2, int handPos) {
    #####:  634:	    int j = state->hand[currentPlayer][choice1];  //store card we will trash
        -:  635:
    #####:  636:      if ( (getCost(state->hand[currentPlayer][choice1]) + 2) > getCost(choice2) )
        -:  637:	{
    #####:  638:	  return -1;
        -:  639:	}
        -:  640:
    #####:  641:      gainCard(choice2, state, 0, currentPlayer);
        -:  642:
        -:  643:      //discard card from hand
    #####:  644:      discardCard(handPos, currentPlayer, state, 0);
        -:  645:
        -:  646:      //discard trashed card
    #####:  647:      for (int i = 0; i < state->handCount[currentPlayer]; i++)
        -:  648:	{
    #####:  649:	  if (state->hand[currentPlayer][i] == j)
        -:  650:	    {
    #####:  651:	      discardCard(i, currentPlayer, state, 0);			
    #####:  652:	      break;
        -:  653:	    }
        -:  654:	}
        -:  655:
        -:  656:
    #####:  657:      return 0;
        -:  658:
        -:  659:}
        -:  660:
    #####:  661:int outpost_func (struct gameState *state, int currentPlayer, int handPos) {
        -:  662:	   //set outpost flag
    #####:  663:      state->outpostPlayed++;
        -:  664:			
        -:  665:      //discard card
    #####:  666:      discardCard(handPos - 1, currentPlayer, state, 0); // discard a DIFFERENT card than the outpost card getting played. 
    #####:  667:      return 0;
        -:  668:
        -:  669:}
        -:  670:
    #####:  671:int getCost(int cardNumber)
        -:  672:{
    #####:  673:  switch( cardNumber ) 
        -:  674:    {
        -:  675:    case curse:
    #####:  676:      return 0;
        -:  677:    case estate:
    #####:  678:      return 2;
        -:  679:    case duchy:
    #####:  680:      return 5;
        -:  681:    case province:
    #####:  682:      return 8;
        -:  683:    case copper:
    #####:  684:      return 0;
        -:  685:    case silver:
    #####:  686:      return 3;
        -:  687:    case gold:
    #####:  688:      return 6;
        -:  689:    case adventurer:
    #####:  690:      return 6;
        -:  691:    case council_room:
    #####:  692:      return 5;
        -:  693:    case feast:
    #####:  694:      return 4;
        -:  695:    case gardens:
    #####:  696:      return 4;
        -:  697:    case mine:
    #####:  698:      return 5;
        -:  699:    case remodel:
    #####:  700:      return 4;
        -:  701:    case smithy:
    #####:  702:      return 4;
        -:  703:    case village:
    #####:  704:      return 3;
        -:  705:    case baron:
    #####:  706:      return 4;
        -:  707:    case great_hall:
    #####:  708:      return 3;
        -:  709:    case minion:
    #####:  710:      return 5;
        -:  711:    case steward:
    #####:  712:      return 3;
        -:  713:    case tribute:
    #####:  714:      return 5;
        -:  715:    case ambassador:
    #####:  716:      return 3;
        -:  717:    case cutpurse:
    #####:  718:      return 4;
        -:  719:    case embargo: 
    #####:  720:      return 2;
        -:  721:    case outpost:
    #####:  722:      return 5;
        -:  723:    case salvager:
    #####:  724:      return 4;
        -:  725:    case sea_hag:
    #####:  726:      return 4;
        -:  727:    case treasure_map:
    #####:  728:      return 4;
        -:  729:    }
        -:  730:	
    #####:  731:  return -1;
        -:  732:}
        -:  733:
        1:  734:int cardEffect(int card, int choice1, int choice2, int choice3, struct gameState *state, int handPos, int *bonus)
        -:  735:{
        -:  736:  int i;
        -:  737:  int j;
        -:  738:  int k;
        -:  739:  int x;
        -:  740:  int index;
        1:  741:  int currentPlayer = whoseTurn(state);
        1:  742:  int nextPlayer = currentPlayer + 1;
        -:  743:
        1:  744:  int tributeRevealedCards[2] = {-1, -1};
        -:  745:  int temphand[MAX_HAND];// moved above the if statement
        1:  746:  int drawntreasure=0;
        -:  747:  int cardDrawn;
        1:  748:  int z = 0;// this is the counter for the temp hand
        1:  749:  if (nextPlayer > (state->numPlayers - 1)){
    #####:  750:    nextPlayer = 0;
        -:  751:  }
        -:  752:  
        -:  753:	
        -:  754:  //uses switch to select card and perform actions
        1:  755:  switch( card ) 
        -:  756:    {
        -:  757:    case adventurer:
    #####:  758: 	  adventurer_func(drawntreasure, state, currentPlayer, cardDrawn); 
        -:  759:			
        -:  760:    case council_room:
        -:  761:      //+4 Cards
    #####:  762:      for (i = 0; i < 4; i++)
        -:  763:	{
    #####:  764:	  drawCard(currentPlayer, state);
        -:  765:	}
        -:  766:			
        -:  767:      //+1 Buy
    #####:  768:      state->numBuys++;
        -:  769:			
        -:  770:      //Each other player draws a card
    #####:  771:      for (i = 0; i < state->numPlayers; i++)
        -:  772:	{
    #####:  773:	  if ( i != currentPlayer )
        -:  774:	    {
    #####:  775:	      drawCard(i, state);
        -:  776:	    }
        -:  777:	}
        -:  778:			
        -:  779:      //put played card in played card pile
    #####:  780:      discardCard(handPos, currentPlayer, state, 0);
        -:  781:			
    #####:  782:      return 0;
        -:  783:			
        -:  784:    case feast:
        -:  785:      //gain card with cost up to 5
        -:  786:      //Backup hand
    #####:  787:      for (i = 0; i <= state->handCount[currentPlayer]; i++){
    #####:  788:	temphand[i] = state->hand[currentPlayer][i];//Backup card
    #####:  789:	state->hand[currentPlayer][i] = -1;//Set to nothing
        -:  790:      }
        -:  791:      //Backup hand
        -:  792:
        -:  793:      //Update Coins for Buy
    #####:  794:      updateCoins(currentPlayer, state, 5);
    #####:  795:      x = 1;//Condition to loop on
    #####:  796:      while( x == 1) {//Buy one card
    #####:  797:	if (supplyCount(choice1, state) <= 0){
        -:  798:	  if (DEBUG)
        -:  799:	    printf("None of that card left, sorry!\n");
        -:  800:
        -:  801:	  if (DEBUG){
        -:  802:	    printf("Cards Left: %d\n", supplyCount(choice1, state));
        -:  803:	  }
        -:  804:	}
    #####:  805:	else if (state->coins < getCost(choice1)){
    #####:  806:	  printf("That card is too expensive!\n");
        -:  807:
        -:  808:	  if (DEBUG){
        -:  809:	    printf("Coins: %d < %d\n", state->coins, getCost(choice1));
        -:  810:	  }
        -:  811:	}
        -:  812:	else{
        -:  813:
        -:  814:	  if (DEBUG){
        -:  815:	    printf("Deck Count: %d\n", state->handCount[currentPlayer] + state->deckCount[currentPlayer] + state->discardCount[currentPlayer]);
        -:  816:	  }
        -:  817:
    #####:  818:	  gainCard(choice1, state, 0, currentPlayer);//Gain the card
    #####:  819:	  x = 0;//No more buying cards
        -:  820:
        -:  821:	  if (DEBUG){
        -:  822:	    printf("Deck Count: %d\n", state->handCount[currentPlayer] + state->deckCount[currentPlayer] + state->discardCount[currentPlayer]);
        -:  823:	  }
        -:  824:
        -:  825:	}
        -:  826:      }     
        -:  827:
        -:  828:      //Reset Hand
    #####:  829:      for (i = 0; i <= state->handCount[currentPlayer]; i++){
    #####:  830:	state->hand[currentPlayer][i] = temphand[i];
    #####:  831:	temphand[i] = -1;
        -:  832:      }
        -:  833:      //Reset Hand
        -:  834:      			
    #####:  835:      return 0;
        -:  836:			
        -:  837:    case gardens:
    #####:  838:      return -1;
        -:  839:			
        -:  840:    case mine:
    #####:  841:      j = state->hand[currentPlayer][choice1];  //store card we will trash
        -:  842:
    #####:  843:      if (state->hand[currentPlayer][choice1] < copper || state->hand[currentPlayer][choice1] > gold)
        -:  844:	{
    #####:  845:	  return -1;
        -:  846:	}
        -:  847:		
    #####:  848:      if (choice2 > treasure_map || choice2 < curse)
        -:  849:	{
    #####:  850:	  return -1;
        -:  851:	}
        -:  852:
    #####:  853:      if ( (getCost(state->hand[currentPlayer][choice1]) + 3) > getCost(choice2) )
        -:  854:	{
    #####:  855:	  return -1;
        -:  856:	}
        -:  857:
    #####:  858:      gainCard(choice2, state, 2, currentPlayer);
        -:  859:
        -:  860:      //discard card from hand
    #####:  861:      discardCard(handPos, currentPlayer, state, 0);
        -:  862:
        -:  863:      //discard trashed card
    #####:  864:      for (i = 0; i < state->handCount[currentPlayer]; i++)
        -:  865:	{
    #####:  866:	  if (state->hand[currentPlayer][i] == j)
        -:  867:	    {
    #####:  868:	      discardCard(i, currentPlayer, state, 0);			
    #####:  869:	      break;
        -:  870:	    }
        -:  871:	}
        -:  872:			
    #####:  873:      return 0;
        -:  874:			
        -:  875:    case remodel:
    #####:  876:	  remodel_func(currentPlayer, state, choice1, choice2, handPos); 
        -:  877:
        -:  878:    case smithy:
        1:  879:      smithy_func(currentPlayer, state, handPos); 
        -:  880:		
        -:  881:    case village:
        1:  882: 	  village_func(currentPlayer, state, handPos); 
        -:  883:
        -:  884:    case baron:
        1:  885:      state->numBuys++;//Increase buys by 1!
        1:  886:      if (choice1 > 0){//Boolean true or going to discard an estate
    #####:  887:	int p = 0;//Iterator for hand!
    #####:  888:	int card_not_discarded = 1;//Flag for discard set!
    #####:  889:	while(card_not_discarded){
    #####:  890:	  if (state->hand[currentPlayer][p] == estate){//Found an estate card!
    #####:  891:	    state->coins += 4;//Add 4 coins to the amount of coins
    #####:  892:	    state->discard[currentPlayer][state->discardCount[currentPlayer]] = state->hand[currentPlayer][p];
    #####:  893:	    state->discardCount[currentPlayer]++;
    #####:  894:	    for (;p < state->handCount[currentPlayer]; p++){
    #####:  895:	      state->hand[currentPlayer][p] = state->hand[currentPlayer][p+1];
        -:  896:	    }
    #####:  897:	    state->hand[currentPlayer][state->handCount[currentPlayer]] = -1;
    #####:  898:	    state->handCount[currentPlayer]--;
    #####:  899:	    card_not_discarded = 0;//Exit the loop
        -:  900:	  }
    #####:  901:	  else if (p > state->handCount[currentPlayer]){
        -:  902:	    if(DEBUG) {
        -:  903:	      printf("No estate cards in your hand, invalid choice\n");
        -:  904:	      printf("Must gain an estate if there are any\n");
        -:  905:	    }
    #####:  906:	    if (supplyCount(estate, state) > 0){
    #####:  907:	      gainCard(estate, state, 0, currentPlayer);
    #####:  908:	      state->supplyCount[estate]--;//Decrement estates
    #####:  909:	      if (supplyCount(estate, state) == 0){
    #####:  910:		isGameOver(state);
        -:  911:	      }
        -:  912:	    }
    #####:  913:	    card_not_discarded = 0;//Exit the loop
        -:  914:	  }
        -:  915:			    
        -:  916:	  else{
    #####:  917:	    p++;//Next card
        -:  918:	  }
        -:  919:	}
        -:  920:      }
        -:  921:			    
        -:  922:      else{
        1:  923:	if (supplyCount(estate, state) > 0){
        1:  924:	  gainCard(estate, state, 0, currentPlayer);//Gain an estate
        1:  925:	  state->supplyCount[estate]--;//Decrement Estates
        1:  926:	  if (supplyCount(estate, state) == 0){
    #####:  927:	    isGameOver(state);
        -:  928:	  }
        -:  929:	}
        -:  930:      }
        -:  931:	    
        -:  932:      
        1:  933:      return 0;
        -:  934:		
        -:  935:    case great_hall:
        -:  936:      //+1 Card
    #####:  937:      drawCard(currentPlayer, state);
        -:  938:			
        -:  939:      //+1 Actions
    #####:  940:      state->numActions++;
        -:  941:			
        -:  942:      //discard card from hand
    #####:  943:      discardCard(handPos, currentPlayer, state, 0);
    #####:  944:      return 0;
        -:  945:		
        -:  946:    case minion:
        -:  947:      //+1 action
    #####:  948:      state->numActions++;
        -:  949:			
        -:  950:      //discard card from hand
    #####:  951:      discardCard(handPos, currentPlayer, state, 0);
        -:  952:			
    #####:  953:      if (choice1)		//+2 coins
        -:  954:	{
    #####:  955:	  state->coins = state->coins + 2;
        -:  956:	}
        -:  957:			
    #####:  958:      else if (choice2)		//discard hand, redraw 4, other players with 5+ cards discard hand and draw 4
        -:  959:	{
        -:  960:	  //discard hand
    #####:  961:	  while(numHandCards(state) > 0)
        -:  962:	    {
    #####:  963:	      discardCard(handPos, currentPlayer, state, 0);
        -:  964:	    }
        -:  965:				
        -:  966:	  //draw 4
    #####:  967:	  for (i = 0; i < 4; i++)
        -:  968:	    {
    #####:  969:	      drawCard(currentPlayer, state);
        -:  970:	    }
        -:  971:				
        -:  972:	  //other players discard hand and redraw if hand size > 4
    #####:  973:	  for (i = 0; i < state->numPlayers; i++)
        -:  974:	    {
    #####:  975:	      if (i != currentPlayer)
        -:  976:		{
    #####:  977:		  if ( state->handCount[i] > 4 )
        -:  978:		    {
        -:  979:		      //discard hand
    #####:  980:		      while( state->handCount[i] > 0 )
        -:  981:			{
    #####:  982:			  discardCard(handPos, i, state, 0);
        -:  983:			}
        -:  984:							
        -:  985:		      //draw 4
    #####:  986:		      for (j = 0; j < 4; j++)
        -:  987:			{
    #####:  988:			  drawCard(i, state);
        -:  989:			}
        -:  990:		    }
        -:  991:		}
        -:  992:	    }
        -:  993:				
        -:  994:	}
    #####:  995:      return 0;
        -:  996:		
        -:  997:    case steward:
    #####:  998:      if (choice1 == 1)
        -:  999:	{
        -: 1000:	  //+2 cards
    #####: 1001:	  drawCard(currentPlayer, state);
    #####: 1002:	  drawCard(currentPlayer, state);
        -: 1003:	}
    #####: 1004:      else if (choice1 == 2)
        -: 1005:	{
        -: 1006:	  //+2 coins
    #####: 1007:	  state->coins = state->coins + 2;
        -: 1008:	}
        -: 1009:      else
        -: 1010:	{
        -: 1011:	  //trash 2 cards in hand
    #####: 1012:	  discardCard(choice2, currentPlayer, state, 1);
    #####: 1013:	  discardCard(choice3, currentPlayer, state, 1);
        -: 1014:	}
        -: 1015:			
        -: 1016:      //discard card from hand
    #####: 1017:      discardCard(handPos, currentPlayer, state, 0);
    #####: 1018:      return 0;
        -: 1019:		
        -: 1020:    case tribute:
    #####: 1021:      if ((state->discardCount[nextPlayer] + state->deckCount[nextPlayer]) <= 1){
    #####: 1022:	if (state->deckCount[nextPlayer] > 0){
    #####: 1023:	  tributeRevealedCards[0] = state->deck[nextPlayer][state->deckCount[nextPlayer]-1];
    #####: 1024:	  state->deckCount[nextPlayer]--;
        -: 1025:	}
    #####: 1026:	else if (state->discardCount[nextPlayer] > 0){
    #####: 1027:	  tributeRevealedCards[0] = state->discard[nextPlayer][state->discardCount[nextPlayer]-1];
    #####: 1028:	  state->discardCount[nextPlayer]--;
        -: 1029:	}
        -: 1030:	else{
        -: 1031:	  //No Card to Reveal
        -: 1032:	  if (DEBUG){
        -: 1033:	    printf("No cards to reveal\n");
        -: 1034:	  }
        -: 1035:	}
        -: 1036:      }
        -: 1037:	    
        -: 1038:      else{
    #####: 1039:	if (state->deckCount[nextPlayer] == 0){
    #####: 1040:	  for (i = 0; i < state->discardCount[nextPlayer]; i++){
    #####: 1041:	    state->deck[nextPlayer][i] = state->discard[nextPlayer][i];//Move to deck
    #####: 1042:	    state->deckCount[nextPlayer]++;
    #####: 1043:	    state->discard[nextPlayer][i] = -1;
    #####: 1044:	    state->discardCount[nextPlayer]--;
        -: 1045:	  }
        -: 1046:			    
    #####: 1047:	  shuffle(nextPlayer,state);//Shuffle the deck
        -: 1048:	} 
    #####: 1049:	tributeRevealedCards[0] = state->deck[nextPlayer][state->deckCount[nextPlayer]-1];
    #####: 1050:	state->deck[nextPlayer][state->deckCount[nextPlayer]--] = -1;
    #####: 1051:	state->deckCount[nextPlayer]--;
    #####: 1052:	tributeRevealedCards[1] = state->deck[nextPlayer][state->deckCount[nextPlayer]-1];
    #####: 1053:	state->deck[nextPlayer][state->deckCount[nextPlayer]--] = -1;
    #####: 1054:	state->deckCount[nextPlayer]--;
        -: 1055:      }    
        -: 1056:		       
    #####: 1057:      if (tributeRevealedCards[0] == tributeRevealedCards[1]){//If we have a duplicate card, just drop one 
    #####: 1058:	state->playedCards[state->playedCardCount] = tributeRevealedCards[1];
    #####: 1059:	state->playedCardCount++;
    #####: 1060:	tributeRevealedCards[1] = -1;
        -: 1061:      }
        -: 1062:
    #####: 1063:      for (i = 0; i <= 2; i ++){
    #####: 1064:	if (tributeRevealedCards[i] == copper || tributeRevealedCards[i] == silver || tributeRevealedCards[i] == gold){//Treasure cards
    #####: 1065:	  state->coins += 2;
        -: 1066:	}
        -: 1067:		    
    #####: 1068:	else if (tributeRevealedCards[i] == estate || tributeRevealedCards[i] == duchy || tributeRevealedCards[i] == province || tributeRevealedCards[i] == gardens || tributeRevealedCards[i] == great_hall){//Victory Card Found
    #####: 1069:	  drawCard(currentPlayer, state);
    #####: 1070:	  drawCard(currentPlayer, state);
        -: 1071:	}
        -: 1072:	else{//Action Card
    #####: 1073:	  state->numActions = state->numActions + 2;
        -: 1074:	}
        -: 1075:      }
        -: 1076:	    
    #####: 1077:      return 0;
        -: 1078:		
        -: 1079:    case ambassador:
    #####: 1080:      j = 0;		//used to check if player has enough cards to discard
        -: 1081:
    #####: 1082:      if (choice2 > 2 || choice2 < 0)
        -: 1083:	{
    #####: 1084:	  return -1;				
        -: 1085:	}
        -: 1086:
    #####: 1087:      if (choice1 == handPos)
        -: 1088:	{
    #####: 1089:	  return -1;
        -: 1090:	}
        -: 1091:
    #####: 1092:      for (i = 0; i < state->handCount[currentPlayer]; i++)
        -: 1093:	{
    #####: 1094:	  if (i != handPos && i == state->hand[currentPlayer][choice1] && i != choice1)
        -: 1095:	    {
    #####: 1096:	      j++;
        -: 1097:	    }
        -: 1098:	}
    #####: 1099:      if (j < choice2)
        -: 1100:	{
    #####: 1101:	  return -1;				
        -: 1102:	}
        -: 1103:
        -: 1104:      if (DEBUG) 
        -: 1105:	printf("Player %d reveals card number: %d\n", currentPlayer, state->hand[currentPlayer][choice1]);
        -: 1106:
        -: 1107:      //increase supply count for choosen card by amount being discarded
    #####: 1108:      state->supplyCount[state->hand[currentPlayer][choice1]] += choice2;
        -: 1109:			
        -: 1110:      //each other player gains a copy of revealed card
    #####: 1111:      for (i = 0; i < state->numPlayers; i++)
        -: 1112:	{
    #####: 1113:	  if (i != currentPlayer)
        -: 1114:	    {
    #####: 1115:	      gainCard(state->hand[currentPlayer][choice1], state, 0, i);
        -: 1116:	    }
        -: 1117:	}
        -: 1118:
        -: 1119:      //discard played card from hand
    #####: 1120:      discardCard(handPos, currentPlayer, state, 0);			
        -: 1121:
        -: 1122:      //trash copies of cards returned to supply
    #####: 1123:      for (j = 0; j < choice2; j++)
        -: 1124:	{
    #####: 1125:	  for (i = 0; i < state->handCount[currentPlayer]; i++)
        -: 1126:	    {
    #####: 1127:	      if (state->hand[currentPlayer][i] == state->hand[currentPlayer][choice1])
        -: 1128:		{
    #####: 1129:		  discardCard(i, currentPlayer, state, 1);
    #####: 1130:		  break;
        -: 1131:		}
        -: 1132:	    }
        -: 1133:	}			
        -: 1134:
    #####: 1135:      return 0;
        -: 1136:		
        -: 1137:    case cutpurse:
        -: 1138:
    #####: 1139:      updateCoins(currentPlayer, state, 2);
    #####: 1140:      for (i = 0; i < state->numPlayers; i++)
        -: 1141:	{
    #####: 1142:	  if (i != currentPlayer)
        -: 1143:	    {
    #####: 1144:	      for (j = 0; j < state->handCount[i]; j++)
        -: 1145:		{
    #####: 1146:		  if (state->hand[i][j] == copper)
        -: 1147:		    {
    #####: 1148:		      discardCard(j, i, state, 0);
    #####: 1149:		      break;
        -: 1150:		    }
    #####: 1151:		  if (j == state->handCount[i])
        -: 1152:		    {
    #####: 1153:		      for (k = 0; k < state->handCount[i]; k++)
        -: 1154:			{
        -: 1155:			  if (DEBUG)
        -: 1156:			    printf("Player %d reveals card number %d\n", i, state->hand[i][k]);
        -: 1157:			}	
    #####: 1158:		      break;
        -: 1159:		    }		
        -: 1160:		}
        -: 1161:					
        -: 1162:	    }
        -: 1163:				
        -: 1164:	}				
        -: 1165:
        -: 1166:      //discard played card from hand
    #####: 1167:      discardCard(handPos, currentPlayer, state, 0);			
        -: 1168:
    #####: 1169:      return 0;
        -: 1170:
        -: 1171:		
        -: 1172:    case embargo: 
        -: 1173:      //+2 Coins
    #####: 1174:      state->coins = state->coins + 2;
        -: 1175:			
        -: 1176:      //see if selected pile is in play
    #####: 1177:      if ( state->supplyCount[choice1] == -1 )
        -: 1178:	{
    #####: 1179:	  return -1;
        -: 1180:	}
        -: 1181:			
        -: 1182:      //add embargo token to selected supply pile
    #####: 1183:      state->embargoTokens[choice1]++;
        -: 1184:			
        -: 1185:      //trash card
    #####: 1186:      discardCard(handPos, currentPlayer, state, 1);		
    #####: 1187:      return 0;
        -: 1188:		
        -: 1189:    case outpost:
    #####: 1190:	  outpost_func(state, currentPlayer, handPos); 
        -: 1191:
        -: 1192:    case salvager:
        -: 1193:      //+1 buy
    #####: 1194:      state->numBuys++;
        -: 1195:			
    #####: 1196:      if (choice1)
        -: 1197:	{
        -: 1198:	  //gain coins equal to trashed card
    #####: 1199:	  state->coins = state->coins + getCost( handCard(choice1, state) );
        -: 1200:	  //trash card
    #####: 1201:	  discardCard(choice1, currentPlayer, state, 1);	
        -: 1202:	}
        -: 1203:			
        -: 1204:      //discard card
    #####: 1205:      discardCard(handPos, currentPlayer, state, 0);
    #####: 1206:      return 0;
        -: 1207:		
        -: 1208:    case sea_hag:
    #####: 1209:      for (i = 0; i < state->numPlayers; i++){
    #####: 1210:	if (i != currentPlayer){
    #####: 1211:	  state->discard[i][state->discardCount[i]] = state->deck[i][state->deckCount[i]--];			    state->deckCount[i]--;
    #####: 1212:	  state->discardCount[i]++;
    #####: 1213:	  state->deck[i][state->deckCount[i]--] = curse;//Top card now a curse
        -: 1214:	}
        -: 1215:      }
    #####: 1216:      return 0;
        -: 1217:		
        -: 1218:    case treasure_map:
        -: 1219:      //search hand for another treasure_map
    #####: 1220:      index = -1;
    #####: 1221:      for (i = 0; i < state->handCount[currentPlayer]; i++)
        -: 1222:	{
    #####: 1223:	  if (state->hand[currentPlayer][i] == treasure_map && i != handPos)
        -: 1224:	    {
    #####: 1225:	      index = i;
    #####: 1226:	      break;
        -: 1227:	    }
        -: 1228:	}
    #####: 1229:      if (index > -1)
        -: 1230:	{
        -: 1231:	  //trash both treasure cards
    #####: 1232:	  discardCard(handPos, currentPlayer, state, 1);
    #####: 1233:	  discardCard(index, currentPlayer, state, 1);
        -: 1234:
        -: 1235:	  //gain 4 Gold cards
    #####: 1236:	  for (i = 0; i < 4; i++)
        -: 1237:	    {
    #####: 1238:	      gainCard(gold, state, 1, currentPlayer);
        -: 1239:	    }
        -: 1240:				
        -: 1241:	  //return success
    #####: 1242:	  return 1;
        -: 1243:	}
        -: 1244:			
        -: 1245:      //no second treasure_map found in hand
    #####: 1246:      return -1;
        -: 1247:    }
        -: 1248:	
    #####: 1249:  return -1;
        -: 1250:}
        -: 1251:
        2: 1252:int discardCard(int handPos, int currentPlayer, struct gameState *state, int trashFlag)
        -: 1253:{
        -: 1254:	
        -: 1255:  //if card is not trashed, added to Played pile 
        2: 1256:  if (trashFlag < 1)
        -: 1257:    {
        -: 1258:      //add card to played pile
        2: 1259:      state->playedCards[state->playedCardCount] = state->hand[currentPlayer][handPos]; 
        2: 1260:      state->playedCardCount++;
        -: 1261:    }
        -: 1262:	
        -: 1263:  //set played card to -1
        2: 1264:  state->hand[currentPlayer][handPos] = -1;
        -: 1265:	
        -: 1266:  //remove card from player's hand
        2: 1267:  if ( handPos == (state->handCount[currentPlayer] - 1) ) 	//last card in hand array is played
        -: 1268:    {
        -: 1269:      //reduce number of cards in hand
    #####: 1270:      state->handCount[currentPlayer]--;
        -: 1271:    }
        2: 1272:  else if ( state->handCount[currentPlayer] == 1 ) //only one card in hand
        -: 1273:    {
        -: 1274:      //reduce number of cards in hand
    #####: 1275:      state->handCount[currentPlayer]--;
        -: 1276:    }
        -: 1277:  else 	
        -: 1278:    {
        -: 1279:      //replace discarded card with last card in hand
        2: 1280:      state->hand[currentPlayer][handPos] = state->hand[currentPlayer][ (state->handCount[currentPlayer] - 1)];
        -: 1281:      //set last card to -1
        2: 1282:      state->hand[currentPlayer][state->handCount[currentPlayer] - 1] = -1;
        -: 1283:      //reduce number of cards in hand
        2: 1284:      state->handCount[currentPlayer]--;
        -: 1285:    }
        -: 1286:	
        2: 1287:  return 0;
        -: 1288:}
        -: 1289:
        1: 1290:int gainCard(int supplyPos, struct gameState *state, int toFlag, int player)
        -: 1291:{
        -: 1292:  //Note: supplyPos is enum of choosen card
        -: 1293:	
        -: 1294:  //check if supply pile is empty (0) or card is not used in game (-1)
        1: 1295:  if ( supplyCount(supplyPos, state) < 1 )
        -: 1296:    {
    #####: 1297:      return -1;
        -: 1298:    }
        -: 1299:	
        -: 1300:  //added card for [whoseTurn] current player:
        -: 1301:  // toFlag = 0 : add to discard
        -: 1302:  // toFlag = 1 : add to deck
        -: 1303:  // toFlag = 2 : add to hand
        -: 1304:
        1: 1305:  if (toFlag == 1)
        -: 1306:    {
    #####: 1307:      state->deck[ player ][ state->deckCount[player] ] = supplyPos;
    #####: 1308:      state->deckCount[player]++;
        -: 1309:    }
        1: 1310:  else if (toFlag == 2)
        -: 1311:    {
    #####: 1312:      state->hand[ player ][ state->handCount[player] ] = supplyPos;
    #####: 1313:      state->handCount[player]++;
        -: 1314:    }
        -: 1315:  else
        -: 1316:    {
        1: 1317:      state->discard[player][ state->discardCount[player] ] = supplyPos;
        1: 1318:      state->discardCount[player]++;
        -: 1319:    }
        -: 1320:	
        -: 1321:  //decrease number in supply pile
        1: 1322:  state->supplyCount[supplyPos]--;
        -: 1323:	 
        1: 1324:  return 0;
        -: 1325:}
        -: 1326:
    20000: 1327:int updateCoins(int player, struct gameState *state, int bonus)
        -: 1328:{
        -: 1329:  int i;
        -: 1330:	
        -: 1331:  //reset coin count
    20000: 1332:  state->coins = 0;
        -: 1333:
        -: 1334:  //add coins for each Treasure card in player's hand
   120000: 1335:  for (i = 0; i < state->handCount[player]; i++)
        -: 1336:    {
   100000: 1337:      if (state->hand[player][i] == copper)
        -: 1338:	{
    80000: 1339:	  state->coins += 1;
        -: 1340:	}
    20000: 1341:      else if (state->hand[player][i] == silver)
        -: 1342:	{
    #####: 1343:	  state->coins += 2;
        -: 1344:	}
    20000: 1345:      else if (state->hand[player][i] == gold)
        -: 1346:	{
    #####: 1347:	  state->coins += 3;
        -: 1348:	}	
        -: 1349:    }	
        -: 1350:
        -: 1351:  //add bonus
    20000: 1352:  state->coins += bonus;
        -: 1353:
    20000: 1354:  return 0;
        -: 1355:}
        -: 1356:
        -: 1357:
        -: 1358:
        -: 1359:
        -: 1360://end of dominion.c
